23-Mar-2015 17:04:08.584 INFO [main] org.apache.catalina.startup.VersionLoggerListener.log Server version:        Apache Tomcat/8.0.20
23-Mar-2015 17:04:08.595 INFO [main] org.apache.catalina.startup.VersionLoggerListener.log Server built:          Feb 15 2015 18:10:42 UTC
23-Mar-2015 17:04:08.595 INFO [main] org.apache.catalina.startup.VersionLoggerListener.log Server number:         8.0.20.0
23-Mar-2015 17:04:08.595 INFO [main] org.apache.catalina.startup.VersionLoggerListener.log OS Name:               Linux
23-Mar-2015 17:04:08.595 INFO [main] org.apache.catalina.startup.VersionLoggerListener.log OS Version:            3.13.0-46-generic
23-Mar-2015 17:04:08.595 INFO [main] org.apache.catalina.startup.VersionLoggerListener.log Architecture:          amd64
23-Mar-2015 17:04:08.595 INFO [main] org.apache.catalina.startup.VersionLoggerListener.log Java Home:             /usr/lib/jvm/java-7-openjdk-amd64/jre
23-Mar-2015 17:04:08.595 INFO [main] org.apache.catalina.startup.VersionLoggerListener.log JVM Version:           1.7.0_75-b13
23-Mar-2015 17:04:08.595 INFO [main] org.apache.catalina.startup.VersionLoggerListener.log JVM Vendor:            Oracle Corporation
23-Mar-2015 17:04:08.596 INFO [main] org.apache.catalina.startup.VersionLoggerListener.log CATALINA_BASE:         /home/oswald/Bureau/apache-tomcat-8.0.20
23-Mar-2015 17:04:08.596 INFO [main] org.apache.catalina.startup.VersionLoggerListener.log CATALINA_HOME:         /home/oswald/Bureau/apache-tomcat-8.0.20
23-Mar-2015 17:04:08.596 INFO [main] org.apache.catalina.startup.VersionLoggerListener.log Command line argument: -Djava.util.logging.config.file=/home/oswald/Bureau/apache-tomcat-8.0.20/conf/logging.properties
23-Mar-2015 17:04:08.597 INFO [main] org.apache.catalina.startup.VersionLoggerListener.log Command line argument: -Djava.util.logging.manager=org.apache.juli.ClassLoaderLogManager
23-Mar-2015 17:04:08.597 INFO [main] org.apache.catalina.startup.VersionLoggerListener.log Command line argument: -Djava.endorsed.dirs=/home/oswald/Bureau/apache-tomcat-8.0.20/endorsed
23-Mar-2015 17:04:08.597 INFO [main] org.apache.catalina.startup.VersionLoggerListener.log Command line argument: -Dcatalina.base=/home/oswald/Bureau/apache-tomcat-8.0.20
23-Mar-2015 17:04:08.597 INFO [main] org.apache.catalina.startup.VersionLoggerListener.log Command line argument: -Dcatalina.home=/home/oswald/Bureau/apache-tomcat-8.0.20
23-Mar-2015 17:04:08.598 INFO [main] org.apache.catalina.startup.VersionLoggerListener.log Command line argument: -Djava.io.tmpdir=/home/oswald/Bureau/apache-tomcat-8.0.20/temp
23-Mar-2015 17:04:08.598 INFO [main] org.apache.catalina.core.AprLifecycleListener.lifecycleEvent The APR based Apache Tomcat Native library which allows optimal performance in production environments was not found on the java.library.path: /opt/ros/indigo/lib:/opt/ros/indigo/lib/x86_64-linux-gnu:/usr/java/packages/lib/amd64:/usr/lib/x86_64-linux-gnu/jni:/lib/x86_64-linux-gnu:/usr/lib/x86_64-linux-gnu:/usr/lib/jni:/lib:/usr/lib
23-Mar-2015 17:04:09.114 INFO [main] org.apache.coyote.AbstractProtocol.init Initializing ProtocolHandler ["http-nio-8080"]
23-Mar-2015 17:04:09.173 INFO [main] org.apache.tomcat.util.net.NioSelectorPool.getSharedSelector Using a shared selector for servlet write/read
23-Mar-2015 17:04:09.176 INFO [main] org.apache.coyote.AbstractProtocol.init Initializing ProtocolHandler ["ajp-nio-8009"]
23-Mar-2015 17:04:09.178 INFO [main] org.apache.tomcat.util.net.NioSelectorPool.getSharedSelector Using a shared selector for servlet write/read
23-Mar-2015 17:04:09.179 INFO [main] org.apache.catalina.startup.Catalina.load Initialization processed in 1673 ms
23-Mar-2015 17:04:09.222 INFO [main] org.apache.catalina.core.StandardService.startInternal Démarrage du service Catalina
23-Mar-2015 17:04:09.222 INFO [main] org.apache.catalina.core.StandardEngine.startInternal Starting Servlet Engine: Apache Tomcat/8.0.20
23-Mar-2015 17:04:09.243 INFO [localhost-startStop-1] org.apache.catalina.startup.HostConfig.deployDirectory Déploiement du répertoire /home/oswald/Bureau/apache-tomcat-8.0.20/webapps/examples de l'application web
23-Mar-2015 17:04:10.240 INFO [localhost-startStop-1] org.apache.catalina.startup.HostConfig.deployDirectory Deployment of web application directory /home/oswald/Bureau/apache-tomcat-8.0.20/webapps/examples has finished in 998 ms
23-Mar-2015 17:04:10.241 INFO [localhost-startStop-1] org.apache.catalina.startup.HostConfig.deployDirectory Déploiement du répertoire /home/oswald/Bureau/apache-tomcat-8.0.20/webapps/host-manager de l'application web
23-Mar-2015 17:04:10.270 INFO [localhost-startStop-1] org.apache.catalina.startup.HostConfig.deployDirectory Deployment of web application directory /home/oswald/Bureau/apache-tomcat-8.0.20/webapps/host-manager has finished in 29 ms
23-Mar-2015 17:04:10.270 INFO [localhost-startStop-1] org.apache.catalina.startup.HostConfig.deployDirectory Déploiement du répertoire /home/oswald/Bureau/apache-tomcat-8.0.20/webapps/docs de l'application web
23-Mar-2015 17:04:10.294 INFO [localhost-startStop-1] org.apache.catalina.startup.HostConfig.deployDirectory Deployment of web application directory /home/oswald/Bureau/apache-tomcat-8.0.20/webapps/docs has finished in 24 ms
23-Mar-2015 17:04:10.294 INFO [localhost-startStop-1] org.apache.catalina.startup.HostConfig.deployDirectory Déploiement du répertoire /home/oswald/Bureau/apache-tomcat-8.0.20/webapps/manager de l'application web
23-Mar-2015 17:04:10.319 INFO [localhost-startStop-1] org.apache.catalina.startup.HostConfig.deployDirectory Deployment of web application directory /home/oswald/Bureau/apache-tomcat-8.0.20/webapps/manager has finished in 25 ms
23-Mar-2015 17:04:10.319 INFO [localhost-startStop-1] org.apache.catalina.startup.HostConfig.deployDirectory Déploiement du répertoire /home/oswald/Bureau/apache-tomcat-8.0.20/webapps/ROOT de l'application web
23-Mar-2015 17:04:10.359 INFO [localhost-startStop-1] org.apache.catalina.startup.HostConfig.deployDirectory Deployment of web application directory /home/oswald/Bureau/apache-tomcat-8.0.20/webapps/ROOT has finished in 40 ms
23-Mar-2015 17:04:10.364 INFO [main] org.apache.coyote.AbstractProtocol.start Starting ProtocolHandler ["http-nio-8080"]
23-Mar-2015 17:04:10.373 INFO [main] org.apache.coyote.AbstractProtocol.start Starting ProtocolHandler ["ajp-nio-8009"]
23-Mar-2015 17:04:10.374 INFO [main] org.apache.catalina.startup.Catalina.start Server startup in 1194 ms
23-Mar-2015 17:04:34.442 INFO [main] org.apache.catalina.core.StandardServer.await A valid shutdown command was received via the shutdown port. Stopping the Server instance.
23-Mar-2015 17:04:34.442 INFO [main] org.apache.coyote.AbstractProtocol.pause Pausing ProtocolHandler ["http-nio-8080"]
23-Mar-2015 17:04:34.496 INFO [main] org.apache.coyote.AbstractProtocol.pause Pausing ProtocolHandler ["ajp-nio-8009"]
23-Mar-2015 17:04:34.547 INFO [main] org.apache.catalina.core.StandardService.stopInternal Arrêt du service Catalina
23-Mar-2015 17:04:34.609 INFO [main] org.apache.coyote.AbstractProtocol.stop Stopping ProtocolHandler ["http-nio-8080"]
23-Mar-2015 17:04:34.611 INFO [main] org.apache.coyote.AbstractProtocol.stop Stopping ProtocolHandler ["ajp-nio-8009"]
23-Mar-2015 17:04:34.612 INFO [main] org.apache.coyote.AbstractProtocol.destroy Destroying ProtocolHandler ["http-nio-8080"]
23-Mar-2015 17:04:34.612 INFO [main] org.apache.coyote.AbstractProtocol.destroy Destroying ProtocolHandler ["ajp-nio-8009"]
23-Mar-2015 17:09:24.200 INFO [main] org.apache.catalina.startup.VersionLoggerListener.log Server version:        Apache Tomcat/8.0.20
23-Mar-2015 17:09:24.202 INFO [main] org.apache.catalina.startup.VersionLoggerListener.log Server built:          Feb 15 2015 18:10:42 UTC
23-Mar-2015 17:09:24.202 INFO [main] org.apache.catalina.startup.VersionLoggerListener.log Server number:         8.0.20.0
23-Mar-2015 17:09:24.202 INFO [main] org.apache.catalina.startup.VersionLoggerListener.log OS Name:               Linux
23-Mar-2015 17:09:24.202 INFO [main] org.apache.catalina.startup.VersionLoggerListener.log OS Version:            3.13.0-46-generic
23-Mar-2015 17:09:24.202 INFO [main] org.apache.catalina.startup.VersionLoggerListener.log Architecture:          amd64
23-Mar-2015 17:09:24.202 INFO [main] org.apache.catalina.startup.VersionLoggerListener.log Java Home:             /usr/lib/jvm/java-7-openjdk-amd64/jre
23-Mar-2015 17:09:24.202 INFO [main] org.apache.catalina.startup.VersionLoggerListener.log JVM Version:           1.7.0_75-b13
23-Mar-2015 17:09:24.202 INFO [main] org.apache.catalina.startup.VersionLoggerListener.log JVM Vendor:            Oracle Corporation
23-Mar-2015 17:09:24.202 INFO [main] org.apache.catalina.startup.VersionLoggerListener.log CATALINA_BASE:         /home/oswald/Bureau/apache-tomcat-8.0.20
23-Mar-2015 17:09:24.203 INFO [main] org.apache.catalina.startup.VersionLoggerListener.log CATALINA_HOME:         /home/oswald/Bureau/apache-tomcat-8.0.20
23-Mar-2015 17:09:24.203 INFO [main] org.apache.catalina.startup.VersionLoggerListener.log Command line argument: -Djava.util.logging.config.file=/home/oswald/Bureau/apache-tomcat-8.0.20/conf/logging.properties
23-Mar-2015 17:09:24.203 INFO [main] org.apache.catalina.startup.VersionLoggerListener.log Command line argument: -Djava.util.logging.manager=org.apache.juli.ClassLoaderLogManager
23-Mar-2015 17:09:24.203 INFO [main] org.apache.catalina.startup.VersionLoggerListener.log Command line argument: -Djava.endorsed.dirs=/home/oswald/Bureau/apache-tomcat-8.0.20/endorsed
23-Mar-2015 17:09:24.203 INFO [main] org.apache.catalina.startup.VersionLoggerListener.log Command line argument: -Dcatalina.base=/home/oswald/Bureau/apache-tomcat-8.0.20
23-Mar-2015 17:09:24.203 INFO [main] org.apache.catalina.startup.VersionLoggerListener.log Command line argument: -Dcatalina.home=/home/oswald/Bureau/apache-tomcat-8.0.20
23-Mar-2015 17:09:24.203 INFO [main] org.apache.catalina.startup.VersionLoggerListener.log Command line argument: -Djava.io.tmpdir=/home/oswald/Bureau/apache-tomcat-8.0.20/temp
23-Mar-2015 17:09:24.203 INFO [main] org.apache.catalina.core.AprLifecycleListener.lifecycleEvent The APR based Apache Tomcat Native library which allows optimal performance in production environments was not found on the java.library.path: /opt/ros/indigo/lib:/opt/ros/indigo/lib/x86_64-linux-gnu:/usr/java/packages/lib/amd64:/usr/lib/x86_64-linux-gnu/jni:/lib/x86_64-linux-gnu:/usr/lib/x86_64-linux-gnu:/usr/lib/jni:/lib:/usr/lib
23-Mar-2015 17:09:24.305 INFO [main] org.apache.coyote.AbstractProtocol.init Initializing ProtocolHandler ["http-nio-8080"]
23-Mar-2015 17:09:24.323 INFO [main] org.apache.tomcat.util.net.NioSelectorPool.getSharedSelector Using a shared selector for servlet write/read
23-Mar-2015 17:09:24.325 INFO [main] org.apache.coyote.AbstractProtocol.init Initializing ProtocolHandler ["ajp-nio-8009"]
23-Mar-2015 17:09:24.329 INFO [main] org.apache.tomcat.util.net.NioSelectorPool.getSharedSelector Using a shared selector for servlet write/read
23-Mar-2015 17:09:24.329 INFO [main] org.apache.catalina.startup.Catalina.load Initialization processed in 642 ms
23-Mar-2015 17:09:24.361 INFO [main] org.apache.catalina.core.StandardService.startInternal Démarrage du service Catalina
23-Mar-2015 17:09:24.361 INFO [main] org.apache.catalina.core.StandardEngine.startInternal Starting Servlet Engine: Apache Tomcat/8.0.20
23-Mar-2015 17:09:24.371 INFO [localhost-startStop-1] org.apache.catalina.startup.HostConfig.deployDirectory Déploiement du répertoire /home/oswald/Bureau/apache-tomcat-8.0.20/webapps/examples de l'application web
23-Mar-2015 17:09:25.275 INFO [localhost-startStop-1] org.apache.catalina.startup.HostConfig.deployDirectory Deployment of web application directory /home/oswald/Bureau/apache-tomcat-8.0.20/webapps/examples has finished in 905 ms
23-Mar-2015 17:09:25.276 INFO [localhost-startStop-1] org.apache.catalina.startup.HostConfig.deployDirectory Déploiement du répertoire /home/oswald/Bureau/apache-tomcat-8.0.20/webapps/host-manager de l'application web
23-Mar-2015 17:09:25.317 INFO [localhost-startStop-1] org.apache.catalina.startup.HostConfig.deployDirectory Deployment of web application directory /home/oswald/Bureau/apache-tomcat-8.0.20/webapps/host-manager has finished in 41 ms
23-Mar-2015 17:09:25.317 INFO [localhost-startStop-1] org.apache.catalina.startup.HostConfig.deployDirectory Déploiement du répertoire /home/oswald/Bureau/apache-tomcat-8.0.20/webapps/docs de l'application web
23-Mar-2015 17:09:25.347 INFO [localhost-startStop-1] org.apache.catalina.startup.HostConfig.deployDirectory Deployment of web application directory /home/oswald/Bureau/apache-tomcat-8.0.20/webapps/docs has finished in 30 ms
23-Mar-2015 17:09:25.347 INFO [localhost-startStop-1] org.apache.catalina.startup.HostConfig.deployDirectory Déploiement du répertoire /home/oswald/Bureau/apache-tomcat-8.0.20/webapps/manager de l'application web
23-Mar-2015 17:09:25.381 INFO [localhost-startStop-1] org.apache.catalina.startup.HostConfig.deployDirectory Deployment of web application directory /home/oswald/Bureau/apache-tomcat-8.0.20/webapps/manager has finished in 34 ms
23-Mar-2015 17:09:25.382 INFO [localhost-startStop-1] org.apache.catalina.startup.HostConfig.deployDirectory Déploiement du répertoire /home/oswald/Bureau/apache-tomcat-8.0.20/webapps/ROOT de l'application web
23-Mar-2015 17:09:25.412 INFO [localhost-startStop-1] org.apache.catalina.startup.HostConfig.deployDirectory Deployment of web application directory /home/oswald/Bureau/apache-tomcat-8.0.20/webapps/ROOT has finished in 30 ms
23-Mar-2015 17:09:25.416 INFO [main] org.apache.coyote.AbstractProtocol.start Starting ProtocolHandler ["http-nio-8080"]
23-Mar-2015 17:09:25.425 INFO [main] org.apache.coyote.AbstractProtocol.start Starting ProtocolHandler ["ajp-nio-8009"]
23-Mar-2015 17:09:25.426 INFO [main] org.apache.catalina.startup.Catalina.start Server startup in 1097 ms
23-Mar-2015 17:11:26.201 INFO [main] org.apache.catalina.core.StandardServer.await A valid shutdown command was received via the shutdown port. Stopping the Server instance.
23-Mar-2015 17:11:26.202 INFO [main] org.apache.coyote.AbstractProtocol.pause Pausing ProtocolHandler ["http-nio-8080"]
23-Mar-2015 17:11:26.256 INFO [main] org.apache.coyote.AbstractProtocol.pause Pausing ProtocolHandler ["ajp-nio-8009"]
23-Mar-2015 17:11:26.307 INFO [main] org.apache.catalina.core.StandardService.stopInternal Arrêt du service Catalina
23-Mar-2015 17:11:26.363 INFO [main] org.apache.coyote.AbstractProtocol.stop Stopping ProtocolHandler ["http-nio-8080"]
23-Mar-2015 17:11:26.366 INFO [main] org.apache.coyote.AbstractProtocol.stop Stopping ProtocolHandler ["ajp-nio-8009"]
23-Mar-2015 17:11:26.367 INFO [main] org.apache.coyote.AbstractProtocol.destroy Destroying ProtocolHandler ["http-nio-8080"]
23-Mar-2015 17:11:26.367 INFO [main] org.apache.coyote.AbstractProtocol.destroy Destroying ProtocolHandler ["ajp-nio-8009"]
23-Mar-2015 17:11:29.001 INFO [main] org.apache.catalina.startup.VersionLoggerListener.log Server version:        Apache Tomcat/8.0.20
23-Mar-2015 17:11:29.002 INFO [main] org.apache.catalina.startup.VersionLoggerListener.log Server built:          Feb 15 2015 18:10:42 UTC
23-Mar-2015 17:11:29.003 INFO [main] org.apache.catalina.startup.VersionLoggerListener.log Server number:         8.0.20.0
23-Mar-2015 17:11:29.003 INFO [main] org.apache.catalina.startup.VersionLoggerListener.log OS Name:               Linux
23-Mar-2015 17:11:29.003 INFO [main] org.apache.catalina.startup.VersionLoggerListener.log OS Version:            3.13.0-46-generic
23-Mar-2015 17:11:29.003 INFO [main] org.apache.catalina.startup.VersionLoggerListener.log Architecture:          amd64
23-Mar-2015 17:11:29.003 INFO [main] org.apache.catalina.startup.VersionLoggerListener.log Java Home:             /usr/lib/jvm/java-7-openjdk-amd64/jre
23-Mar-2015 17:11:29.003 INFO [main] org.apache.catalina.startup.VersionLoggerListener.log JVM Version:           1.7.0_75-b13
23-Mar-2015 17:11:29.003 INFO [main] org.apache.catalina.startup.VersionLoggerListener.log JVM Vendor:            Oracle Corporation
23-Mar-2015 17:11:29.003 INFO [main] org.apache.catalina.startup.VersionLoggerListener.log CATALINA_BASE:         /home/oswald/Bureau/apache-tomcat-8.0.20
23-Mar-2015 17:11:29.003 INFO [main] org.apache.catalina.startup.VersionLoggerListener.log CATALINA_HOME:         /home/oswald/Bureau/apache-tomcat-8.0.20
23-Mar-2015 17:11:29.004 INFO [main] org.apache.catalina.startup.VersionLoggerListener.log Command line argument: -Djava.util.logging.config.file=/home/oswald/Bureau/apache-tomcat-8.0.20/conf/logging.properties
23-Mar-2015 17:11:29.004 INFO [main] org.apache.catalina.startup.VersionLoggerListener.log Command line argument: -Djava.util.logging.manager=org.apache.juli.ClassLoaderLogManager
23-Mar-2015 17:11:29.004 INFO [main] org.apache.catalina.startup.VersionLoggerListener.log Command line argument: -Djava.endorsed.dirs=/home/oswald/Bureau/apache-tomcat-8.0.20/endorsed
23-Mar-2015 17:11:29.004 INFO [main] org.apache.catalina.startup.VersionLoggerListener.log Command line argument: -Dcatalina.base=/home/oswald/Bureau/apache-tomcat-8.0.20
23-Mar-2015 17:11:29.004 INFO [main] org.apache.catalina.startup.VersionLoggerListener.log Command line argument: -Dcatalina.home=/home/oswald/Bureau/apache-tomcat-8.0.20
23-Mar-2015 17:11:29.004 INFO [main] org.apache.catalina.startup.VersionLoggerListener.log Command line argument: -Djava.io.tmpdir=/home/oswald/Bureau/apache-tomcat-8.0.20/temp
23-Mar-2015 17:11:29.004 INFO [main] org.apache.catalina.core.AprLifecycleListener.lifecycleEvent The APR based Apache Tomcat Native library which allows optimal performance in production environments was not found on the java.library.path: /opt/ros/indigo/lib:/opt/ros/indigo/lib/x86_64-linux-gnu:/usr/java/packages/lib/amd64:/usr/lib/x86_64-linux-gnu/jni:/lib/x86_64-linux-gnu:/usr/lib/x86_64-linux-gnu:/usr/lib/jni:/lib:/usr/lib
23-Mar-2015 17:11:29.123 INFO [main] org.apache.coyote.AbstractProtocol.init Initializing ProtocolHandler ["http-nio-8080"]
23-Mar-2015 17:11:29.140 INFO [main] org.apache.tomcat.util.net.NioSelectorPool.getSharedSelector Using a shared selector for servlet write/read
23-Mar-2015 17:11:29.143 INFO [main] org.apache.coyote.AbstractProtocol.init Initializing ProtocolHandler ["ajp-nio-8009"]
23-Mar-2015 17:11:29.146 INFO [main] org.apache.tomcat.util.net.NioSelectorPool.getSharedSelector Using a shared selector for servlet write/read
23-Mar-2015 17:11:29.147 INFO [main] org.apache.catalina.startup.Catalina.load Initialization processed in 634 ms
23-Mar-2015 17:11:29.190 INFO [main] org.apache.catalina.core.StandardService.startInternal Démarrage du service Catalina
23-Mar-2015 17:11:29.191 INFO [main] org.apache.catalina.core.StandardEngine.startInternal Starting Servlet Engine: Apache Tomcat/8.0.20
23-Mar-2015 17:11:29.205 INFO [localhost-startStop-1] org.apache.catalina.startup.HostConfig.deployDirectory Déploiement du répertoire /home/oswald/Bureau/apache-tomcat-8.0.20/webapps/examples de l'application web
23-Mar-2015 17:11:30.120 INFO [localhost-startStop-1] org.apache.catalina.startup.HostConfig.deployDirectory Deployment of web application directory /home/oswald/Bureau/apache-tomcat-8.0.20/webapps/examples has finished in 914 ms
23-Mar-2015 17:11:30.120 INFO [localhost-startStop-1] org.apache.catalina.startup.HostConfig.deployDirectory Déploiement du répertoire /home/oswald/Bureau/apache-tomcat-8.0.20/webapps/host-manager de l'application web
23-Mar-2015 17:11:30.149 INFO [localhost-startStop-1] org.apache.catalina.startup.HostConfig.deployDirectory Deployment of web application directory /home/oswald/Bureau/apache-tomcat-8.0.20/webapps/host-manager has finished in 29 ms
23-Mar-2015 17:11:30.149 INFO [localhost-startStop-1] org.apache.catalina.startup.HostConfig.deployDirectory Déploiement du répertoire /home/oswald/Bureau/apache-tomcat-8.0.20/webapps/docs de l'application web
23-Mar-2015 17:11:30.171 INFO [localhost-startStop-1] org.apache.catalina.startup.HostConfig.deployDirectory Deployment of web application directory /home/oswald/Bureau/apache-tomcat-8.0.20/webapps/docs has finished in 22 ms
23-Mar-2015 17:11:30.171 INFO [localhost-startStop-1] org.apache.catalina.startup.HostConfig.deployDirectory Déploiement du répertoire /home/oswald/Bureau/apache-tomcat-8.0.20/webapps/manager de l'application web
23-Mar-2015 17:11:30.233 INFO [localhost-startStop-1] org.apache.catalina.startup.HostConfig.deployDirectory Deployment of web application directory /home/oswald/Bureau/apache-tomcat-8.0.20/webapps/manager has finished in 62 ms
23-Mar-2015 17:11:30.233 INFO [localhost-startStop-1] org.apache.catalina.startup.HostConfig.deployDirectory Déploiement du répertoire /home/oswald/Bureau/apache-tomcat-8.0.20/webapps/ROOT de l'application web
23-Mar-2015 17:11:30.259 INFO [localhost-startStop-1] org.apache.catalina.startup.HostConfig.deployDirectory Deployment of web application directory /home/oswald/Bureau/apache-tomcat-8.0.20/webapps/ROOT has finished in 26 ms
23-Mar-2015 17:11:30.264 INFO [main] org.apache.coyote.AbstractProtocol.start Starting ProtocolHandler ["http-nio-8080"]
23-Mar-2015 17:11:30.274 INFO [main] org.apache.coyote.AbstractProtocol.start Starting ProtocolHandler ["ajp-nio-8009"]
23-Mar-2015 17:11:30.280 INFO [main] org.apache.catalina.startup.Catalina.start Server startup in 1132 ms
23-Mar-2015 17:13:13.742 INFO [main] org.apache.catalina.core.StandardServer.await A valid shutdown command was received via the shutdown port. Stopping the Server instance.
23-Mar-2015 17:13:13.743 INFO [main] org.apache.coyote.AbstractProtocol.pause Pausing ProtocolHandler ["http-nio-8080"]
23-Mar-2015 17:13:13.796 INFO [main] org.apache.coyote.AbstractProtocol.pause Pausing ProtocolHandler ["ajp-nio-8009"]
23-Mar-2015 17:13:13.847 INFO [main] org.apache.catalina.core.StandardService.stopInternal Arrêt du service Catalina
23-Mar-2015 17:13:13.890 INFO [main] org.apache.coyote.AbstractProtocol.stop Stopping ProtocolHandler ["http-nio-8080"]
23-Mar-2015 17:13:13.893 INFO [main] org.apache.coyote.AbstractProtocol.stop Stopping ProtocolHandler ["ajp-nio-8009"]
23-Mar-2015 17:13:13.894 INFO [main] org.apache.coyote.AbstractProtocol.destroy Destroying ProtocolHandler ["http-nio-8080"]
23-Mar-2015 17:13:13.894 INFO [main] org.apache.coyote.AbstractProtocol.destroy Destroying ProtocolHandler ["ajp-nio-8009"]
23-Mar-2015 17:26:07.098 INFO [main] org.apache.catalina.startup.VersionLoggerListener.log Server version:        Apache Tomcat/8.0.20
23-Mar-2015 17:26:07.100 INFO [main] org.apache.catalina.startup.VersionLoggerListener.log Server built:          Feb 15 2015 18:10:42 UTC
23-Mar-2015 17:26:07.100 INFO [main] org.apache.catalina.startup.VersionLoggerListener.log Server number:         8.0.20.0
23-Mar-2015 17:26:07.100 INFO [main] org.apache.catalina.startup.VersionLoggerListener.log OS Name:               Linux
23-Mar-2015 17:26:07.100 INFO [main] org.apache.catalina.startup.VersionLoggerListener.log OS Version:            3.13.0-46-generic
23-Mar-2015 17:26:07.100 INFO [main] org.apache.catalina.startup.VersionLoggerListener.log Architecture:          amd64
23-Mar-2015 17:26:07.101 INFO [main] org.apache.catalina.startup.VersionLoggerListener.log Java Home:             /usr/lib/jvm/java-7-openjdk-amd64/jre
23-Mar-2015 17:26:07.101 INFO [main] org.apache.catalina.startup.VersionLoggerListener.log JVM Version:           1.7.0_75-b13
23-Mar-2015 17:26:07.101 INFO [main] org.apache.catalina.startup.VersionLoggerListener.log JVM Vendor:            Oracle Corporation
23-Mar-2015 17:26:07.101 INFO [main] org.apache.catalina.startup.VersionLoggerListener.log CATALINA_BASE:         /home/oswald/projet_appli_web/apache-tomcat-8.0.20
23-Mar-2015 17:26:07.101 INFO [main] org.apache.catalina.startup.VersionLoggerListener.log CATALINA_HOME:         /home/oswald/projet_appli_web/apache-tomcat-8.0.20
23-Mar-2015 17:26:07.102 INFO [main] org.apache.catalina.startup.VersionLoggerListener.log Command line argument: -Djava.util.logging.config.file=/home/oswald/projet_appli_web/apache-tomcat-8.0.20/conf/logging.properties
23-Mar-2015 17:26:07.102 INFO [main] org.apache.catalina.startup.VersionLoggerListener.log Command line argument: -Djava.util.logging.manager=org.apache.juli.ClassLoaderLogManager
23-Mar-2015 17:26:07.102 INFO [main] org.apache.catalina.startup.VersionLoggerListener.log Command line argument: -Djava.endorsed.dirs=/home/oswald/projet_appli_web/apache-tomcat-8.0.20/endorsed
23-Mar-2015 17:26:07.102 INFO [main] org.apache.catalina.startup.VersionLoggerListener.log Command line argument: -Dcatalina.base=/home/oswald/projet_appli_web/apache-tomcat-8.0.20
23-Mar-2015 17:26:07.102 INFO [main] org.apache.catalina.startup.VersionLoggerListener.log Command line argument: -Dcatalina.home=/home/oswald/projet_appli_web/apache-tomcat-8.0.20
23-Mar-2015 17:26:07.102 INFO [main] org.apache.catalina.startup.VersionLoggerListener.log Command line argument: -Djava.io.tmpdir=/home/oswald/projet_appli_web/apache-tomcat-8.0.20/temp
23-Mar-2015 17:26:07.102 INFO [main] org.apache.catalina.core.AprLifecycleListener.lifecycleEvent The APR based Apache Tomcat Native library which allows optimal performance in production environments was not found on the java.library.path: /opt/ros/indigo/lib:/opt/ros/indigo/lib/x86_64-linux-gnu:/usr/java/packages/lib/amd64:/usr/lib/x86_64-linux-gnu/jni:/lib/x86_64-linux-gnu:/usr/lib/x86_64-linux-gnu:/usr/lib/jni:/lib:/usr/lib
23-Mar-2015 17:26:07.216 INFO [main] org.apache.coyote.AbstractProtocol.init Initializing ProtocolHandler ["http-nio-8080"]
23-Mar-2015 17:26:07.237 INFO [main] org.apache.tomcat.util.net.NioSelectorPool.getSharedSelector Using a shared selector for servlet write/read
23-Mar-2015 17:26:07.240 INFO [main] org.apache.coyote.AbstractProtocol.init Initializing ProtocolHandler ["ajp-nio-8009"]
23-Mar-2015 17:26:07.243 INFO [main] org.apache.tomcat.util.net.NioSelectorPool.getSharedSelector Using a shared selector for servlet write/read
23-Mar-2015 17:26:07.245 INFO [main] org.apache.catalina.startup.Catalina.load Initialization processed in 769 ms
23-Mar-2015 17:26:07.279 INFO [main] org.apache.catalina.core.StandardService.startInternal Démarrage du service Catalina
23-Mar-2015 17:26:07.279 INFO [main] org.apache.catalina.core.StandardEngine.startInternal Starting Servlet Engine: Apache Tomcat/8.0.20
23-Mar-2015 17:26:07.289 INFO [localhost-startStop-1] org.apache.catalina.startup.HostConfig.deployDirectory Déploiement du répertoire /home/oswald/projet_appli_web/apache-tomcat-8.0.20/webapps/examples de l'application web
23-Mar-2015 17:26:08.184 INFO [localhost-startStop-1] org.apache.catalina.startup.HostConfig.deployDirectory Deployment of web application directory /home/oswald/projet_appli_web/apache-tomcat-8.0.20/webapps/examples has finished in 894 ms
23-Mar-2015 17:26:08.184 INFO [localhost-startStop-1] org.apache.catalina.startup.HostConfig.deployDirectory Déploiement du répertoire /home/oswald/projet_appli_web/apache-tomcat-8.0.20/webapps/host-manager de l'application web
23-Mar-2015 17:26:08.212 INFO [localhost-startStop-1] org.apache.catalina.startup.HostConfig.deployDirectory Deployment of web application directory /home/oswald/projet_appli_web/apache-tomcat-8.0.20/webapps/host-manager has finished in 28 ms
23-Mar-2015 17:26:08.212 INFO [localhost-startStop-1] org.apache.catalina.startup.HostConfig.deployDirectory Déploiement du répertoire /home/oswald/projet_appli_web/apache-tomcat-8.0.20/webapps/docs de l'application web
23-Mar-2015 17:26:08.232 INFO [localhost-startStop-1] org.apache.catalina.startup.HostConfig.deployDirectory Deployment of web application directory /home/oswald/projet_appli_web/apache-tomcat-8.0.20/webapps/docs has finished in 20 ms
23-Mar-2015 17:26:08.232 INFO [localhost-startStop-1] org.apache.catalina.startup.HostConfig.deployDirectory Déploiement du répertoire /home/oswald/projet_appli_web/apache-tomcat-8.0.20/webapps/manager de l'application web
23-Mar-2015 17:26:08.274 INFO [localhost-startStop-1] org.apache.catalina.startup.HostConfig.deployDirectory Deployment of web application directory /home/oswald/projet_appli_web/apache-tomcat-8.0.20/webapps/manager has finished in 42 ms
23-Mar-2015 17:26:08.274 INFO [localhost-startStop-1] org.apache.catalina.startup.HostConfig.deployDirectory Déploiement du répertoire /home/oswald/projet_appli_web/apache-tomcat-8.0.20/webapps/ROOT de l'application web
23-Mar-2015 17:26:08.294 INFO [localhost-startStop-1] org.apache.catalina.startup.HostConfig.deployDirectory Deployment of web application directory /home/oswald/projet_appli_web/apache-tomcat-8.0.20/webapps/ROOT has finished in 20 ms
23-Mar-2015 17:26:08.298 INFO [main] org.apache.coyote.AbstractProtocol.start Starting ProtocolHandler ["http-nio-8080"]
23-Mar-2015 17:26:08.307 INFO [main] org.apache.coyote.AbstractProtocol.start Starting ProtocolHandler ["ajp-nio-8009"]
23-Mar-2015 17:26:08.308 INFO [main] org.apache.catalina.startup.Catalina.start Server startup in 1062 ms
23-Mar-2015 17:37:59.041 INFO [ContainerBackgroundProcessor[StandardEngine[Catalina]]] org.apache.catalina.startup.HostConfig.undeploy Repli (undeploy) de l'application web ayant pour chemin de contexte /host-manager
23-Mar-2015 17:37:59.050 WARNING [ContainerBackgroundProcessor[StandardEngine[Catalina]]] org.apache.catalina.loader.WebappClassLoaderBase.clearReferencesJdbc JDBC driver de-registration failed for web application [host-manager]
 java.lang.NullPointerException
	at org.apache.catalina.loader.WebappClassLoaderBase.clearReferencesJdbc(WebappClassLoaderBase.java:1608)
	at org.apache.catalina.loader.WebappClassLoaderBase.clearReferences(WebappClassLoaderBase.java:1543)
	at org.apache.catalina.loader.WebappClassLoaderBase.stop(WebappClassLoaderBase.java:1495)
	at org.apache.catalina.loader.WebappLoader.stopInternal(WebappLoader.java:447)
	at org.apache.catalina.util.LifecycleBase.stop(LifecycleBase.java:232)
	at org.apache.catalina.core.StandardContext.stopInternal(StandardContext.java:5424)
	at org.apache.catalina.util.LifecycleBase.stop(LifecycleBase.java:232)
	at org.apache.catalina.core.ContainerBase.removeChild(ContainerBase.java:828)
	at org.apache.catalina.startup.HostConfig.undeploy(HostConfig.java:1323)
	at org.apache.catalina.startup.HostConfig.checkResources(HostConfig.java:1271)
	at org.apache.catalina.startup.HostConfig.check(HostConfig.java:1471)
	at org.apache.catalina.startup.HostConfig.lifecycleEvent(HostConfig.java:280)
	at org.apache.catalina.util.LifecycleSupport.fireLifecycleEvent(LifecycleSupport.java:117)
	at org.apache.catalina.util.LifecycleBase.fireLifecycleEvent(LifecycleBase.java:90)
	at org.apache.catalina.core.ContainerBase.backgroundProcess(ContainerBase.java:1142)
	at org.apache.catalina.core.ContainerBase$ContainerBackgroundProcessor.processChildren(ContainerBase.java:1378)
	at org.apache.catalina.core.ContainerBase$ContainerBackgroundProcessor.processChildren(ContainerBase.java:1382)
	at org.apache.catalina.core.ContainerBase$ContainerBackgroundProcessor.run(ContainerBase.java:1350)
	at java.lang.Thread.run(Thread.java:745)

23-Mar-2015 17:37:59.556 INFO [ContainerBackgroundProcessor[StandardEngine[Catalina]]] org.apache.catalina.startup.HostConfig.undeploy Repli (undeploy) de l'application web ayant pour chemin de contexte /docs
23-Mar-2015 17:37:59.561 WARNING [ContainerBackgroundProcessor[StandardEngine[Catalina]]] org.apache.catalina.loader.WebappClassLoaderBase.clearReferencesJdbc JDBC driver de-registration failed for web application [docs]
 java.lang.NullPointerException
	at org.apache.catalina.loader.WebappClassLoaderBase.clearReferencesJdbc(WebappClassLoaderBase.java:1608)
	at org.apache.catalina.loader.WebappClassLoaderBase.clearReferences(WebappClassLoaderBase.java:1543)
	at org.apache.catalina.loader.WebappClassLoaderBase.stop(WebappClassLoaderBase.java:1495)
	at org.apache.catalina.loader.WebappLoader.stopInternal(WebappLoader.java:447)
	at org.apache.catalina.util.LifecycleBase.stop(LifecycleBase.java:232)
	at org.apache.catalina.core.StandardContext.stopInternal(StandardContext.java:5424)
	at org.apache.catalina.util.LifecycleBase.stop(LifecycleBase.java:232)
	at org.apache.catalina.core.ContainerBase.removeChild(ContainerBase.java:828)
	at org.apache.catalina.startup.HostConfig.undeploy(HostConfig.java:1323)
	at org.apache.catalina.startup.HostConfig.checkResources(HostConfig.java:1271)
	at org.apache.catalina.startup.HostConfig.check(HostConfig.java:1471)
	at org.apache.catalina.startup.HostConfig.lifecycleEvent(HostConfig.java:280)
	at org.apache.catalina.util.LifecycleSupport.fireLifecycleEvent(LifecycleSupport.java:117)
	at org.apache.catalina.util.LifecycleBase.fireLifecycleEvent(LifecycleBase.java:90)
	at org.apache.catalina.core.ContainerBase.backgroundProcess(ContainerBase.java:1142)
	at org.apache.catalina.core.ContainerBase$ContainerBackgroundProcessor.processChildren(ContainerBase.java:1378)
	at org.apache.catalina.core.ContainerBase$ContainerBackgroundProcessor.processChildren(ContainerBase.java:1382)
	at org.apache.catalina.core.ContainerBase$ContainerBackgroundProcessor.run(ContainerBase.java:1350)
	at java.lang.Thread.run(Thread.java:745)

23-Mar-2015 17:38:00.064 INFO [ContainerBackgroundProcessor[StandardEngine[Catalina]]] org.apache.catalina.startup.HostConfig.undeploy Repli (undeploy) de l'application web ayant pour chemin de contexte 
23-Mar-2015 17:38:00.073 WARNING [ContainerBackgroundProcessor[StandardEngine[Catalina]]] org.apache.catalina.loader.WebappClassLoaderBase.clearReferencesJdbc JDBC driver de-registration failed for web application [ROOT]
 java.lang.NullPointerException
	at org.apache.catalina.loader.WebappClassLoaderBase.clearReferencesJdbc(WebappClassLoaderBase.java:1608)
	at org.apache.catalina.loader.WebappClassLoaderBase.clearReferences(WebappClassLoaderBase.java:1543)
	at org.apache.catalina.loader.WebappClassLoaderBase.stop(WebappClassLoaderBase.java:1495)
	at org.apache.catalina.loader.WebappLoader.stopInternal(WebappLoader.java:447)
	at org.apache.catalina.util.LifecycleBase.stop(LifecycleBase.java:232)
	at org.apache.catalina.core.StandardContext.stopInternal(StandardContext.java:5424)
	at org.apache.catalina.util.LifecycleBase.stop(LifecycleBase.java:232)
	at org.apache.catalina.core.ContainerBase.removeChild(ContainerBase.java:828)
	at org.apache.catalina.startup.HostConfig.undeploy(HostConfig.java:1323)
	at org.apache.catalina.startup.HostConfig.checkResources(HostConfig.java:1271)
	at org.apache.catalina.startup.HostConfig.check(HostConfig.java:1471)
	at org.apache.catalina.startup.HostConfig.lifecycleEvent(HostConfig.java:280)
	at org.apache.catalina.util.LifecycleSupport.fireLifecycleEvent(LifecycleSupport.java:117)
	at org.apache.catalina.util.LifecycleBase.fireLifecycleEvent(LifecycleBase.java:90)
	at org.apache.catalina.core.ContainerBase.backgroundProcess(ContainerBase.java:1142)
	at org.apache.catalina.core.ContainerBase$ContainerBackgroundProcessor.processChildren(ContainerBase.java:1378)
	at org.apache.catalina.core.ContainerBase$ContainerBackgroundProcessor.processChildren(ContainerBase.java:1382)
	at org.apache.catalina.core.ContainerBase$ContainerBackgroundProcessor.run(ContainerBase.java:1350)
	at java.lang.Thread.run(Thread.java:745)

23-Mar-2015 17:38:00.576 INFO [ContainerBackgroundProcessor[StandardEngine[Catalina]]] org.apache.catalina.startup.HostConfig.undeploy Repli (undeploy) de l'application web ayant pour chemin de contexte /examples
23-Mar-2015 17:38:00.586 WARNING [ContainerBackgroundProcessor[StandardEngine[Catalina]]] org.apache.catalina.loader.WebappClassLoaderBase.clearReferencesJdbc JDBC driver de-registration failed for web application [examples]
 java.lang.NullPointerException
	at org.apache.catalina.loader.WebappClassLoaderBase.clearReferencesJdbc(WebappClassLoaderBase.java:1608)
	at org.apache.catalina.loader.WebappClassLoaderBase.clearReferences(WebappClassLoaderBase.java:1543)
	at org.apache.catalina.loader.WebappClassLoaderBase.stop(WebappClassLoaderBase.java:1495)
	at org.apache.catalina.loader.WebappLoader.stopInternal(WebappLoader.java:447)
	at org.apache.catalina.util.LifecycleBase.stop(LifecycleBase.java:232)
	at org.apache.catalina.core.StandardContext.stopInternal(StandardContext.java:5424)
	at org.apache.catalina.util.LifecycleBase.stop(LifecycleBase.java:232)
	at org.apache.catalina.core.ContainerBase.removeChild(ContainerBase.java:828)
	at org.apache.catalina.startup.HostConfig.undeploy(HostConfig.java:1323)
	at org.apache.catalina.startup.HostConfig.checkResources(HostConfig.java:1271)
	at org.apache.catalina.startup.HostConfig.check(HostConfig.java:1471)
	at org.apache.catalina.startup.HostConfig.lifecycleEvent(HostConfig.java:280)
	at org.apache.catalina.util.LifecycleSupport.fireLifecycleEvent(LifecycleSupport.java:117)
	at org.apache.catalina.util.LifecycleBase.fireLifecycleEvent(LifecycleBase.java:90)
	at org.apache.catalina.core.ContainerBase.backgroundProcess(ContainerBase.java:1142)
	at org.apache.catalina.core.ContainerBase$ContainerBackgroundProcessor.processChildren(ContainerBase.java:1378)
	at org.apache.catalina.core.ContainerBase$ContainerBackgroundProcessor.processChildren(ContainerBase.java:1382)
	at org.apache.catalina.core.ContainerBase$ContainerBackgroundProcessor.run(ContainerBase.java:1350)
	at java.lang.Thread.run(Thread.java:745)

23-Mar-2015 17:38:01.089 INFO [ContainerBackgroundProcessor[StandardEngine[Catalina]]] org.apache.catalina.startup.HostConfig.undeploy Repli (undeploy) de l'application web ayant pour chemin de contexte /manager
23-Mar-2015 17:38:01.091 SEVERE [ContainerBackgroundProcessor[StandardEngine[Catalina]]] org.apache.catalina.session.StandardManager.doUnload "IOException" lors de la sauvegarde de sessions persistantes: java.io.FileNotFoundException: /home/oswald/projet_appli_web/apache-tomcat-8.0.20/work/Catalina/localhost/manager/SESSIONS.ser (No such file or directory)
 java.io.FileNotFoundException: /home/oswald/projet_appli_web/apache-tomcat-8.0.20/work/Catalina/localhost/manager/SESSIONS.ser (No such file or directory)
	at java.io.FileOutputStream.open(Native Method)
	at java.io.FileOutputStream.<init>(FileOutputStream.java:221)
	at java.io.FileOutputStream.<init>(FileOutputStream.java:110)
	at org.apache.catalina.session.StandardManager.doUnload(StandardManager.java:354)
	at org.apache.catalina.session.StandardManager.unload(StandardManager.java:320)
	at org.apache.catalina.session.StandardManager.stopInternal(StandardManager.java:487)
	at org.apache.catalina.util.LifecycleBase.stop(LifecycleBase.java:232)
	at org.apache.catalina.core.StandardContext.stopInternal(StandardContext.java:5381)
	at org.apache.catalina.util.LifecycleBase.stop(LifecycleBase.java:232)
	at org.apache.catalina.core.ContainerBase.removeChild(ContainerBase.java:828)
	at org.apache.catalina.startup.HostConfig.undeploy(HostConfig.java:1323)
	at org.apache.catalina.startup.HostConfig.checkResources(HostConfig.java:1271)
	at org.apache.catalina.startup.HostConfig.check(HostConfig.java:1471)
	at org.apache.catalina.startup.HostConfig.lifecycleEvent(HostConfig.java:280)
	at org.apache.catalina.util.LifecycleSupport.fireLifecycleEvent(LifecycleSupport.java:117)
	at org.apache.catalina.util.LifecycleBase.fireLifecycleEvent(LifecycleBase.java:90)
	at org.apache.catalina.core.ContainerBase.backgroundProcess(ContainerBase.java:1142)
	at org.apache.catalina.core.ContainerBase$ContainerBackgroundProcessor.processChildren(ContainerBase.java:1378)
	at org.apache.catalina.core.ContainerBase$ContainerBackgroundProcessor.processChildren(ContainerBase.java:1382)
	at org.apache.catalina.core.ContainerBase$ContainerBackgroundProcessor.run(ContainerBase.java:1350)
	at java.lang.Thread.run(Thread.java:745)

23-Mar-2015 17:38:01.091 SEVERE [ContainerBackgroundProcessor[StandardEngine[Catalina]]] org.apache.catalina.session.StandardManager.stopInternal Exception au déchargement des sessions vers le stockage persistant (persistent storage)
 java.io.FileNotFoundException: /home/oswald/projet_appli_web/apache-tomcat-8.0.20/work/Catalina/localhost/manager/SESSIONS.ser (No such file or directory)
	at java.io.FileOutputStream.open(Native Method)
	at java.io.FileOutputStream.<init>(FileOutputStream.java:221)
	at java.io.FileOutputStream.<init>(FileOutputStream.java:110)
	at org.apache.catalina.session.StandardManager.doUnload(StandardManager.java:354)
	at org.apache.catalina.session.StandardManager.unload(StandardManager.java:320)
	at org.apache.catalina.session.StandardManager.stopInternal(StandardManager.java:487)
	at org.apache.catalina.util.LifecycleBase.stop(LifecycleBase.java:232)
	at org.apache.catalina.core.StandardContext.stopInternal(StandardContext.java:5381)
	at org.apache.catalina.util.LifecycleBase.stop(LifecycleBase.java:232)
	at org.apache.catalina.core.ContainerBase.removeChild(ContainerBase.java:828)
	at org.apache.catalina.startup.HostConfig.undeploy(HostConfig.java:1323)
	at org.apache.catalina.startup.HostConfig.checkResources(HostConfig.java:1271)
	at org.apache.catalina.startup.HostConfig.check(HostConfig.java:1471)
	at org.apache.catalina.startup.HostConfig.lifecycleEvent(HostConfig.java:280)
	at org.apache.catalina.util.LifecycleSupport.fireLifecycleEvent(LifecycleSupport.java:117)
	at org.apache.catalina.util.LifecycleBase.fireLifecycleEvent(LifecycleBase.java:90)
	at org.apache.catalina.core.ContainerBase.backgroundProcess(ContainerBase.java:1142)
	at org.apache.catalina.core.ContainerBase$ContainerBackgroundProcessor.processChildren(ContainerBase.java:1378)
	at org.apache.catalina.core.ContainerBase$ContainerBackgroundProcessor.processChildren(ContainerBase.java:1382)
	at org.apache.catalina.core.ContainerBase$ContainerBackgroundProcessor.run(ContainerBase.java:1350)
	at java.lang.Thread.run(Thread.java:745)

23-Mar-2015 17:38:01.100 WARNING [ContainerBackgroundProcessor[StandardEngine[Catalina]]] org.apache.catalina.loader.WebappClassLoaderBase.clearReferencesJdbc JDBC driver de-registration failed for web application [manager]
 java.lang.NullPointerException
	at org.apache.catalina.loader.WebappClassLoaderBase.clearReferencesJdbc(WebappClassLoaderBase.java:1608)
	at org.apache.catalina.loader.WebappClassLoaderBase.clearReferences(WebappClassLoaderBase.java:1543)
	at org.apache.catalina.loader.WebappClassLoaderBase.stop(WebappClassLoaderBase.java:1495)
	at org.apache.catalina.loader.WebappLoader.stopInternal(WebappLoader.java:447)
	at org.apache.catalina.util.LifecycleBase.stop(LifecycleBase.java:232)
	at org.apache.catalina.core.StandardContext.stopInternal(StandardContext.java:5424)
	at org.apache.catalina.util.LifecycleBase.stop(LifecycleBase.java:232)
	at org.apache.catalina.core.ContainerBase.removeChild(ContainerBase.java:828)
	at org.apache.catalina.startup.HostConfig.undeploy(HostConfig.java:1323)
	at org.apache.catalina.startup.HostConfig.checkResources(HostConfig.java:1271)
	at org.apache.catalina.startup.HostConfig.check(HostConfig.java:1471)
	at org.apache.catalina.startup.HostConfig.lifecycleEvent(HostConfig.java:280)
	at org.apache.catalina.util.LifecycleSupport.fireLifecycleEvent(LifecycleSupport.java:117)
	at org.apache.catalina.util.LifecycleBase.fireLifecycleEvent(LifecycleBase.java:90)
	at org.apache.catalina.core.ContainerBase.backgroundProcess(ContainerBase.java:1142)
	at org.apache.catalina.core.ContainerBase$ContainerBackgroundProcessor.processChildren(ContainerBase.java:1378)
	at org.apache.catalina.core.ContainerBase$ContainerBackgroundProcessor.processChildren(ContainerBase.java:1382)
	at org.apache.catalina.core.ContainerBase$ContainerBackgroundProcessor.run(ContainerBase.java:1350)
	at java.lang.Thread.run(Thread.java:745)

23-Mar-2015 17:38:21.102 INFO [localhost-startStop-2] org.apache.catalina.startup.HostConfig.deployDirectory Déploiement du répertoire /home/oswald/projet_appli_web/apache-tomcat-8.0.20/webapps/examples de l'application web
23-Mar-2015 17:38:21.329 INFO [localhost-startStop-2] org.apache.catalina.startup.HostConfig.deployDirectory Deployment of web application directory /home/oswald/projet_appli_web/apache-tomcat-8.0.20/webapps/examples has finished in 227 ms
23-Mar-2015 17:38:21.329 INFO [localhost-startStop-2] org.apache.catalina.startup.HostConfig.deployDirectory Déploiement du répertoire /home/oswald/projet_appli_web/apache-tomcat-8.0.20/webapps/host-manager de l'application web
23-Mar-2015 17:38:21.347 INFO [localhost-startStop-2] org.apache.catalina.startup.HostConfig.deployDirectory Deployment of web application directory /home/oswald/projet_appli_web/apache-tomcat-8.0.20/webapps/host-manager has finished in 17 ms
23-Mar-2015 17:38:21.347 INFO [localhost-startStop-2] org.apache.catalina.startup.HostConfig.deployDirectory Déploiement du répertoire /home/oswald/projet_appli_web/apache-tomcat-8.0.20/webapps/docs de l'application web
23-Mar-2015 17:38:21.362 INFO [localhost-startStop-2] org.apache.catalina.startup.HostConfig.deployDirectory Deployment of web application directory /home/oswald/projet_appli_web/apache-tomcat-8.0.20/webapps/docs has finished in 15 ms
23-Mar-2015 17:38:21.362 INFO [localhost-startStop-2] org.apache.catalina.startup.HostConfig.deployDirectory Déploiement du répertoire /home/oswald/projet_appli_web/apache-tomcat-8.0.20/webapps/manager de l'application web
23-Mar-2015 17:38:21.385 INFO [localhost-startStop-2] org.apache.catalina.startup.HostConfig.deployDirectory Deployment of web application directory /home/oswald/projet_appli_web/apache-tomcat-8.0.20/webapps/manager has finished in 23 ms
23-Mar-2015 17:38:21.386 INFO [localhost-startStop-2] org.apache.catalina.startup.HostConfig.deployDirectory Déploiement du répertoire /home/oswald/projet_appli_web/apache-tomcat-8.0.20/webapps/ROOT de l'application web
23-Mar-2015 17:38:21.403 INFO [localhost-startStop-2] org.apache.catalina.startup.HostConfig.deployDirectory Deployment of web application directory /home/oswald/projet_appli_web/apache-tomcat-8.0.20/webapps/ROOT has finished in 17 ms
23-Mar-2015 17:58:50.969 WARNING [http-nio-8080-exec-9] org.apache.catalina.realm.LockOutRealm.authenticate An attempt was made to authenticate the locked user "Imag"
23-Mar-2015 17:58:53.710 WARNING [http-nio-8080-exec-10] org.apache.catalina.realm.LockOutRealm.authenticate An attempt was made to authenticate the locked user "Imag"
23-Mar-2015 18:00:17.678 WARNING [http-nio-8080-exec-6] org.apache.catalina.realm.LockOutRealm.authenticate An attempt was made to authenticate the locked user "Imag"
23-Mar-2015 18:00:21.890 WARNING [http-nio-8080-exec-10] org.apache.catalina.realm.LockOutRealm.authenticate An attempt was made to authenticate the locked user "Imag"
23-Mar-2015 18:00:21.908 WARNING [http-nio-8080-exec-3] org.apache.catalina.realm.LockOutRealm.authenticate An attempt was made to authenticate the locked user "Imag"
23-Mar-2015 18:00:21.972 INFO [http-nio-8080-exec-5] org.apache.catalina.startup.HostConfig.deployDescriptor Déploiement du descripteur de configuration /home/oswald/projet_appli_web/apache-tomcat-8.0.20/conf/Catalina/localhost/Web_application.xml
23-Mar-2015 18:00:22.011 WARNING [http-nio-8080-exec-5] org.apache.catalina.startup.SetContextPropertiesRule.begin [SetContextPropertiesRule]{Context} Setting property 'antiJARLocking' to 'true' did not find a matching property.
23-Mar-2015 18:00:22.173 INFO [http-nio-8080-exec-5] org.apache.catalina.startup.HostConfig.deployDescriptor Deployment of configuration descriptor /home/oswald/projet_appli_web/apache-tomcat-8.0.20/conf/Catalina/localhost/Web_application.xml has finished in 202 ms
23-Mar-2015 18:00:22.182 WARNING [http-nio-8080-exec-7] org.apache.catalina.realm.LockOutRealm.authenticate An attempt was made to authenticate the locked user "Imag"
23-Mar-2015 18:00:22.187 INFO [http-nio-8080-exec-6] org.apache.catalina.util.LifecycleBase.start The start() method was called on component [StandardEngine[Catalina].StandardHost[localhost].StandardContext[/Web_application]] after start() had already been called. The second call will be ignored.
23-Mar-2015 18:04:52.260 INFO [ContainerBackgroundProcessor[StandardEngine[Catalina]]] org.apache.catalina.startup.HostConfig.undeploy Repli (undeploy) de l'application web ayant pour chemin de contexte /Web_application
23-Mar-2015 18:04:52.297 INFO [localhost-startStop-3] org.apache.catalina.startup.HostConfig.deployDescriptor Déploiement du descripteur de configuration /home/oswald/projet_appli_web/apache-tomcat-8.0.20/conf/Catalina/localhost/Web_application.xml
23-Mar-2015 18:04:52.303 WARNING [localhost-startStop-3] org.apache.catalina.startup.SetContextPropertiesRule.begin [SetContextPropertiesRule]{Context} Setting property 'antiJARLocking' to 'true' did not find a matching property.
23-Mar-2015 18:04:52.306 SEVERE [localhost-startStop-3] org.apache.catalina.core.ContainerBase.addChildInternal ContainerBase.addChild: start: 
 org.apache.catalina.LifecycleException: Failed to start component [StandardEngine[Catalina].StandardHost[localhost].StandardContext[/Web_application]]
	at org.apache.catalina.util.LifecycleBase.start(LifecycleBase.java:154)
	at org.apache.catalina.core.ContainerBase.addChildInternal(ContainerBase.java:725)
	at org.apache.catalina.core.ContainerBase.addChild(ContainerBase.java:701)
	at org.apache.catalina.core.StandardHost.addChild(StandardHost.java:717)
	at org.apache.catalina.startup.HostConfig.deployDescriptor(HostConfig.java:581)
	at org.apache.catalina.startup.HostConfig$DeployDescriptor.run(HostConfig.java:1683)
	at java.util.concurrent.Executors$RunnableAdapter.call(Executors.java:471)
	at java.util.concurrent.FutureTask.run(FutureTask.java:262)
	at java.util.concurrent.ThreadPoolExecutor.runWorker(ThreadPoolExecutor.java:1145)
	at java.util.concurrent.ThreadPoolExecutor$Worker.run(ThreadPoolExecutor.java:615)
	at java.lang.Thread.run(Thread.java:745)
Caused by: org.apache.catalina.LifecycleException: Failed to start component [org.apache.catalina.webresources.StandardRoot@3bffb31a]
	at org.apache.catalina.util.LifecycleBase.start(LifecycleBase.java:154)
	at org.apache.catalina.core.StandardContext.resourcesStart(StandardContext.java:4840)
	at org.apache.catalina.core.StandardContext.startInternal(StandardContext.java:4970)
	at org.apache.catalina.util.LifecycleBase.start(LifecycleBase.java:150)
	... 10 more
Caused by: java.lang.IllegalArgumentException: The main resource set specified [/home/oswald/NetBeansProjects/Web_application/build/web] is not valid
	at org.apache.catalina.webresources.StandardRoot.createMainResourceSet(StandardRoot.java:723)
	at org.apache.catalina.webresources.StandardRoot.startInternal(StandardRoot.java:684)
	at org.apache.catalina.util.LifecycleBase.start(LifecycleBase.java:150)
	... 13 more

23-Mar-2015 18:04:52.307 SEVERE [localhost-startStop-3] org.apache.catalina.startup.HostConfig.deployDescriptor Erreur lors du déploiement du descripteur de configuration /home/oswald/projet_appli_web/apache-tomcat-8.0.20/conf/Catalina/localhost/Web_application.xml
 java.lang.IllegalStateException: ContainerBase.addChild: start: org.apache.catalina.LifecycleException: Failed to start component [StandardEngine[Catalina].StandardHost[localhost].StandardContext[/Web_application]]
	at org.apache.catalina.core.ContainerBase.addChildInternal(ContainerBase.java:728)
	at org.apache.catalina.core.ContainerBase.addChild(ContainerBase.java:701)
	at org.apache.catalina.core.StandardHost.addChild(StandardHost.java:717)
	at org.apache.catalina.startup.HostConfig.deployDescriptor(HostConfig.java:581)
	at org.apache.catalina.startup.HostConfig$DeployDescriptor.run(HostConfig.java:1683)
	at java.util.concurrent.Executors$RunnableAdapter.call(Executors.java:471)
	at java.util.concurrent.FutureTask.run(FutureTask.java:262)
	at java.util.concurrent.ThreadPoolExecutor.runWorker(ThreadPoolExecutor.java:1145)
	at java.util.concurrent.ThreadPoolExecutor$Worker.run(ThreadPoolExecutor.java:615)
	at java.lang.Thread.run(Thread.java:745)

23-Mar-2015 18:04:52.308 INFO [localhost-startStop-3] org.apache.catalina.startup.HostConfig.deployDescriptor Deployment of configuration descriptor /home/oswald/projet_appli_web/apache-tomcat-8.0.20/conf/Catalina/localhost/Web_application.xml has finished in 10 ms
23-Mar-2015 19:16:11.162 INFO [ContainerBackgroundProcessor[StandardEngine[Catalina]]] org.apache.catalina.startup.HostConfig.undeploy Repli (undeploy) de l'application web ayant pour chemin de contexte /host-manager
23-Mar-2015 19:16:11.227 WARNING [ContainerBackgroundProcessor[StandardEngine[Catalina]]] org.apache.catalina.loader.WebappClassLoaderBase.clearReferencesJdbc JDBC driver de-registration failed for web application [host-manager]
 java.lang.NullPointerException
	at org.apache.catalina.loader.WebappClassLoaderBase.clearReferencesJdbc(WebappClassLoaderBase.java:1608)
	at org.apache.catalina.loader.WebappClassLoaderBase.clearReferences(WebappClassLoaderBase.java:1543)
	at org.apache.catalina.loader.WebappClassLoaderBase.stop(WebappClassLoaderBase.java:1495)
	at org.apache.catalina.loader.WebappLoader.stopInternal(WebappLoader.java:447)
	at org.apache.catalina.util.LifecycleBase.stop(LifecycleBase.java:232)
	at org.apache.catalina.core.StandardContext.stopInternal(StandardContext.java:5424)
	at org.apache.catalina.util.LifecycleBase.stop(LifecycleBase.java:232)
	at org.apache.catalina.core.ContainerBase.removeChild(ContainerBase.java:828)
	at org.apache.catalina.startup.HostConfig.undeploy(HostConfig.java:1323)
	at org.apache.catalina.startup.HostConfig.checkResources(HostConfig.java:1271)
	at org.apache.catalina.startup.HostConfig.check(HostConfig.java:1471)
	at org.apache.catalina.startup.HostConfig.lifecycleEvent(HostConfig.java:280)
	at org.apache.catalina.util.LifecycleSupport.fireLifecycleEvent(LifecycleSupport.java:117)
	at org.apache.catalina.util.LifecycleBase.fireLifecycleEvent(LifecycleBase.java:90)
	at org.apache.catalina.core.ContainerBase.backgroundProcess(ContainerBase.java:1142)
	at org.apache.catalina.core.ContainerBase$ContainerBackgroundProcessor.processChildren(ContainerBase.java:1378)
	at org.apache.catalina.core.ContainerBase$ContainerBackgroundProcessor.processChildren(ContainerBase.java:1382)
	at org.apache.catalina.core.ContainerBase$ContainerBackgroundProcessor.run(ContainerBase.java:1350)
	at java.lang.Thread.run(Thread.java:745)

23-Mar-2015 19:16:11.733 INFO [ContainerBackgroundProcessor[StandardEngine[Catalina]]] org.apache.catalina.startup.HostConfig.undeploy Repli (undeploy) de l'application web ayant pour chemin de contexte /docs
23-Mar-2015 19:16:11.740 WARNING [ContainerBackgroundProcessor[StandardEngine[Catalina]]] org.apache.catalina.loader.WebappClassLoaderBase.clearReferencesJdbc JDBC driver de-registration failed for web application [docs]
 java.lang.NullPointerException
	at org.apache.catalina.loader.WebappClassLoaderBase.clearReferencesJdbc(WebappClassLoaderBase.java:1608)
	at org.apache.catalina.loader.WebappClassLoaderBase.clearReferences(WebappClassLoaderBase.java:1543)
	at org.apache.catalina.loader.WebappClassLoaderBase.stop(WebappClassLoaderBase.java:1495)
	at org.apache.catalina.loader.WebappLoader.stopInternal(WebappLoader.java:447)
	at org.apache.catalina.util.LifecycleBase.stop(LifecycleBase.java:232)
	at org.apache.catalina.core.StandardContext.stopInternal(StandardContext.java:5424)
	at org.apache.catalina.util.LifecycleBase.stop(LifecycleBase.java:232)
	at org.apache.catalina.core.ContainerBase.removeChild(ContainerBase.java:828)
	at org.apache.catalina.startup.HostConfig.undeploy(HostConfig.java:1323)
	at org.apache.catalina.startup.HostConfig.checkResources(HostConfig.java:1271)
	at org.apache.catalina.startup.HostConfig.check(HostConfig.java:1471)
	at org.apache.catalina.startup.HostConfig.lifecycleEvent(HostConfig.java:280)
	at org.apache.catalina.util.LifecycleSupport.fireLifecycleEvent(LifecycleSupport.java:117)
	at org.apache.catalina.util.LifecycleBase.fireLifecycleEvent(LifecycleBase.java:90)
	at org.apache.catalina.core.ContainerBase.backgroundProcess(ContainerBase.java:1142)
	at org.apache.catalina.core.ContainerBase$ContainerBackgroundProcessor.processChildren(ContainerBase.java:1378)
	at org.apache.catalina.core.ContainerBase$ContainerBackgroundProcessor.processChildren(ContainerBase.java:1382)
	at org.apache.catalina.core.ContainerBase$ContainerBackgroundProcessor.run(ContainerBase.java:1350)
	at java.lang.Thread.run(Thread.java:745)

23-Mar-2015 19:16:12.244 INFO [ContainerBackgroundProcessor[StandardEngine[Catalina]]] org.apache.catalina.startup.HostConfig.undeploy Repli (undeploy) de l'application web ayant pour chemin de contexte 
23-Mar-2015 19:16:12.251 WARNING [ContainerBackgroundProcessor[StandardEngine[Catalina]]] org.apache.catalina.loader.WebappClassLoaderBase.clearReferencesJdbc JDBC driver de-registration failed for web application [ROOT]
 java.lang.NullPointerException
	at org.apache.catalina.loader.WebappClassLoaderBase.clearReferencesJdbc(WebappClassLoaderBase.java:1608)
	at org.apache.catalina.loader.WebappClassLoaderBase.clearReferences(WebappClassLoaderBase.java:1543)
	at org.apache.catalina.loader.WebappClassLoaderBase.stop(WebappClassLoaderBase.java:1495)
	at org.apache.catalina.loader.WebappLoader.stopInternal(WebappLoader.java:447)
	at org.apache.catalina.util.LifecycleBase.stop(LifecycleBase.java:232)
	at org.apache.catalina.core.StandardContext.stopInternal(StandardContext.java:5424)
	at org.apache.catalina.util.LifecycleBase.stop(LifecycleBase.java:232)
	at org.apache.catalina.core.ContainerBase.removeChild(ContainerBase.java:828)
	at org.apache.catalina.startup.HostConfig.undeploy(HostConfig.java:1323)
	at org.apache.catalina.startup.HostConfig.checkResources(HostConfig.java:1271)
	at org.apache.catalina.startup.HostConfig.check(HostConfig.java:1471)
	at org.apache.catalina.startup.HostConfig.lifecycleEvent(HostConfig.java:280)
	at org.apache.catalina.util.LifecycleSupport.fireLifecycleEvent(LifecycleSupport.java:117)
	at org.apache.catalina.util.LifecycleBase.fireLifecycleEvent(LifecycleBase.java:90)
	at org.apache.catalina.core.ContainerBase.backgroundProcess(ContainerBase.java:1142)
	at org.apache.catalina.core.ContainerBase$ContainerBackgroundProcessor.processChildren(ContainerBase.java:1378)
	at org.apache.catalina.core.ContainerBase$ContainerBackgroundProcessor.processChildren(ContainerBase.java:1382)
	at org.apache.catalina.core.ContainerBase$ContainerBackgroundProcessor.run(ContainerBase.java:1350)
	at java.lang.Thread.run(Thread.java:745)

23-Mar-2015 19:16:12.754 INFO [ContainerBackgroundProcessor[StandardEngine[Catalina]]] org.apache.catalina.startup.HostConfig.undeploy Repli (undeploy) de l'application web ayant pour chemin de contexte /Web_application
23-Mar-2015 19:16:13.256 INFO [ContainerBackgroundProcessor[StandardEngine[Catalina]]] org.apache.catalina.startup.HostConfig.undeploy Repli (undeploy) de l'application web ayant pour chemin de contexte /examples
23-Mar-2015 19:16:13.281 WARNING [ContainerBackgroundProcessor[StandardEngine[Catalina]]] org.apache.catalina.loader.WebappClassLoaderBase.clearReferencesJdbc JDBC driver de-registration failed for web application [examples]
 java.lang.NullPointerException
	at org.apache.catalina.loader.WebappClassLoaderBase.clearReferencesJdbc(WebappClassLoaderBase.java:1608)
	at org.apache.catalina.loader.WebappClassLoaderBase.clearReferences(WebappClassLoaderBase.java:1543)
	at org.apache.catalina.loader.WebappClassLoaderBase.stop(WebappClassLoaderBase.java:1495)
	at org.apache.catalina.loader.WebappLoader.stopInternal(WebappLoader.java:447)
	at org.apache.catalina.util.LifecycleBase.stop(LifecycleBase.java:232)
	at org.apache.catalina.core.StandardContext.stopInternal(StandardContext.java:5424)
	at org.apache.catalina.util.LifecycleBase.stop(LifecycleBase.java:232)
	at org.apache.catalina.core.ContainerBase.removeChild(ContainerBase.java:828)
	at org.apache.catalina.startup.HostConfig.undeploy(HostConfig.java:1323)
	at org.apache.catalina.startup.HostConfig.checkResources(HostConfig.java:1271)
	at org.apache.catalina.startup.HostConfig.check(HostConfig.java:1471)
	at org.apache.catalina.startup.HostConfig.lifecycleEvent(HostConfig.java:280)
	at org.apache.catalina.util.LifecycleSupport.fireLifecycleEvent(LifecycleSupport.java:117)
	at org.apache.catalina.util.LifecycleBase.fireLifecycleEvent(LifecycleBase.java:90)
	at org.apache.catalina.core.ContainerBase.backgroundProcess(ContainerBase.java:1142)
	at org.apache.catalina.core.ContainerBase$ContainerBackgroundProcessor.processChildren(ContainerBase.java:1378)
	at org.apache.catalina.core.ContainerBase$ContainerBackgroundProcessor.processChildren(ContainerBase.java:1382)
	at org.apache.catalina.core.ContainerBase$ContainerBackgroundProcessor.run(ContainerBase.java:1350)
	at java.lang.Thread.run(Thread.java:745)

23-Mar-2015 19:16:13.786 INFO [ContainerBackgroundProcessor[StandardEngine[Catalina]]] org.apache.catalina.startup.HostConfig.undeploy Repli (undeploy) de l'application web ayant pour chemin de contexte /manager
23-Mar-2015 19:16:13.794 WARNING [ContainerBackgroundProcessor[StandardEngine[Catalina]]] org.apache.catalina.loader.WebappClassLoaderBase.clearReferencesJdbc JDBC driver de-registration failed for web application [manager]
 java.lang.NullPointerException
	at org.apache.catalina.loader.WebappClassLoaderBase.clearReferencesJdbc(WebappClassLoaderBase.java:1608)
	at org.apache.catalina.loader.WebappClassLoaderBase.clearReferences(WebappClassLoaderBase.java:1543)
	at org.apache.catalina.loader.WebappClassLoaderBase.stop(WebappClassLoaderBase.java:1495)
	at org.apache.catalina.loader.WebappLoader.stopInternal(WebappLoader.java:447)
	at org.apache.catalina.util.LifecycleBase.stop(LifecycleBase.java:232)
	at org.apache.catalina.core.StandardContext.stopInternal(StandardContext.java:5424)
	at org.apache.catalina.util.LifecycleBase.stop(LifecycleBase.java:232)
	at org.apache.catalina.core.ContainerBase.removeChild(ContainerBase.java:828)
	at org.apache.catalina.startup.HostConfig.undeploy(HostConfig.java:1323)
	at org.apache.catalina.startup.HostConfig.checkResources(HostConfig.java:1271)
	at org.apache.catalina.startup.HostConfig.check(HostConfig.java:1471)
	at org.apache.catalina.startup.HostConfig.lifecycleEvent(HostConfig.java:280)
	at org.apache.catalina.util.LifecycleSupport.fireLifecycleEvent(LifecycleSupport.java:117)
	at org.apache.catalina.util.LifecycleBase.fireLifecycleEvent(LifecycleBase.java:90)
	at org.apache.catalina.core.ContainerBase.backgroundProcess(ContainerBase.java:1142)
	at org.apache.catalina.core.ContainerBase$ContainerBackgroundProcessor.processChildren(ContainerBase.java:1378)
	at org.apache.catalina.core.ContainerBase$ContainerBackgroundProcessor.processChildren(ContainerBase.java:1382)
	at org.apache.catalina.core.ContainerBase$ContainerBackgroundProcessor.run(ContainerBase.java:1350)
	at java.lang.Thread.run(Thread.java:745)

23-Mar-2015 19:19:04.996 INFO [main] org.apache.catalina.startup.VersionLoggerListener.log Server version:        Apache Tomcat/8.0.20
23-Mar-2015 19:19:05.000 INFO [main] org.apache.catalina.startup.VersionLoggerListener.log Server built:          Feb 15 2015 18:10:42 UTC
23-Mar-2015 19:19:05.000 INFO [main] org.apache.catalina.startup.VersionLoggerListener.log Server number:         8.0.20.0
23-Mar-2015 19:19:05.000 INFO [main] org.apache.catalina.startup.VersionLoggerListener.log OS Name:               Linux
23-Mar-2015 19:19:05.000 INFO [main] org.apache.catalina.startup.VersionLoggerListener.log OS Version:            3.13.0-46-generic
23-Mar-2015 19:19:05.000 INFO [main] org.apache.catalina.startup.VersionLoggerListener.log Architecture:          amd64
23-Mar-2015 19:19:05.000 INFO [main] org.apache.catalina.startup.VersionLoggerListener.log Java Home:             /usr/lib/jvm/java-7-openjdk-amd64/jre
23-Mar-2015 19:19:05.000 INFO [main] org.apache.catalina.startup.VersionLoggerListener.log JVM Version:           1.7.0_75-b13
23-Mar-2015 19:19:05.000 INFO [main] org.apache.catalina.startup.VersionLoggerListener.log JVM Vendor:            Oracle Corporation
23-Mar-2015 19:19:05.000 INFO [main] org.apache.catalina.startup.VersionLoggerListener.log CATALINA_BASE:         /home/oswald/Web_application/apache-tomcat-8.0.20
23-Mar-2015 19:19:05.001 INFO [main] org.apache.catalina.startup.VersionLoggerListener.log CATALINA_HOME:         /home/oswald/Web_application/apache-tomcat-8.0.20
23-Mar-2015 19:19:05.001 INFO [main] org.apache.catalina.startup.VersionLoggerListener.log Command line argument: -Djava.util.logging.config.file=/home/oswald/Web_application/apache-tomcat-8.0.20/conf/logging.properties
23-Mar-2015 19:19:05.001 INFO [main] org.apache.catalina.startup.VersionLoggerListener.log Command line argument: -Djava.util.logging.manager=org.apache.juli.ClassLoaderLogManager
23-Mar-2015 19:19:05.001 INFO [main] org.apache.catalina.startup.VersionLoggerListener.log Command line argument: -Djava.endorsed.dirs=/home/oswald/Web_application/apache-tomcat-8.0.20/endorsed
23-Mar-2015 19:19:05.001 INFO [main] org.apache.catalina.startup.VersionLoggerListener.log Command line argument: -Dcatalina.base=/home/oswald/Web_application/apache-tomcat-8.0.20
23-Mar-2015 19:19:05.001 INFO [main] org.apache.catalina.startup.VersionLoggerListener.log Command line argument: -Dcatalina.home=/home/oswald/Web_application/apache-tomcat-8.0.20
23-Mar-2015 19:19:05.001 INFO [main] org.apache.catalina.startup.VersionLoggerListener.log Command line argument: -Djava.io.tmpdir=/home/oswald/Web_application/apache-tomcat-8.0.20/temp
23-Mar-2015 19:19:05.001 INFO [main] org.apache.catalina.core.AprLifecycleListener.lifecycleEvent The APR based Apache Tomcat Native library which allows optimal performance in production environments was not found on the java.library.path: /opt/ros/indigo/lib:/opt/ros/indigo/lib/x86_64-linux-gnu:/usr/java/packages/lib/amd64:/usr/lib/x86_64-linux-gnu/jni:/lib/x86_64-linux-gnu:/usr/lib/x86_64-linux-gnu:/usr/lib/jni:/lib:/usr/lib
23-Mar-2015 19:19:05.684 INFO [main] org.apache.coyote.AbstractProtocol.init Initializing ProtocolHandler ["http-nio-8080"]
23-Mar-2015 19:19:05.734 SEVERE [main] org.apache.coyote.AbstractProtocol.init Failed to initialize end point associated with ProtocolHandler ["http-nio-8080"]
 java.net.BindException: Address already in use
	at sun.nio.ch.Net.bind0(Native Method)
	at sun.nio.ch.Net.bind(Net.java:444)
	at sun.nio.ch.Net.bind(Net.java:436)
	at sun.nio.ch.ServerSocketChannelImpl.bind(ServerSocketChannelImpl.java:214)
	at sun.nio.ch.ServerSocketAdaptor.bind(ServerSocketAdaptor.java:74)
	at org.apache.tomcat.util.net.NioEndpoint.bind(NioEndpoint.java:343)
	at org.apache.tomcat.util.net.AbstractEndpoint.init(AbstractEndpoint.java:732)
	at org.apache.coyote.AbstractProtocol.init(AbstractProtocol.java:457)
	at org.apache.coyote.http11.AbstractHttp11JsseProtocol.init(AbstractHttp11JsseProtocol.java:120)
	at org.apache.catalina.connector.Connector.initInternal(Connector.java:960)
	at org.apache.catalina.util.LifecycleBase.init(LifecycleBase.java:102)
	at org.apache.catalina.core.StandardService.initInternal(StandardService.java:567)
	at org.apache.catalina.util.LifecycleBase.init(LifecycleBase.java:102)
	at org.apache.catalina.core.StandardServer.initInternal(StandardServer.java:851)
	at org.apache.catalina.util.LifecycleBase.init(LifecycleBase.java:102)
	at org.apache.catalina.startup.Catalina.load(Catalina.java:576)
	at org.apache.catalina.startup.Catalina.load(Catalina.java:599)
	at sun.reflect.NativeMethodAccessorImpl.invoke0(Native Method)
	at sun.reflect.NativeMethodAccessorImpl.invoke(NativeMethodAccessorImpl.java:57)
	at sun.reflect.DelegatingMethodAccessorImpl.invoke(DelegatingMethodAccessorImpl.java:43)
	at java.lang.reflect.Method.invoke(Method.java:606)
	at org.apache.catalina.startup.Bootstrap.load(Bootstrap.java:310)
	at org.apache.catalina.startup.Bootstrap.main(Bootstrap.java:484)

23-Mar-2015 19:19:05.736 SEVERE [main] org.apache.catalina.core.StandardService.initInternal Failed to initialize connector [Connector[HTTP/1.1-8080]]
 org.apache.catalina.LifecycleException: Failed to initialize component [Connector[HTTP/1.1-8080]]
	at org.apache.catalina.util.LifecycleBase.init(LifecycleBase.java:106)
	at org.apache.catalina.core.StandardService.initInternal(StandardService.java:567)
	at org.apache.catalina.util.LifecycleBase.init(LifecycleBase.java:102)
	at org.apache.catalina.core.StandardServer.initInternal(StandardServer.java:851)
	at org.apache.catalina.util.LifecycleBase.init(LifecycleBase.java:102)
	at org.apache.catalina.startup.Catalina.load(Catalina.java:576)
	at org.apache.catalina.startup.Catalina.load(Catalina.java:599)
	at sun.reflect.NativeMethodAccessorImpl.invoke0(Native Method)
	at sun.reflect.NativeMethodAccessorImpl.invoke(NativeMethodAccessorImpl.java:57)
	at sun.reflect.DelegatingMethodAccessorImpl.invoke(DelegatingMethodAccessorImpl.java:43)
	at java.lang.reflect.Method.invoke(Method.java:606)
	at org.apache.catalina.startup.Bootstrap.load(Bootstrap.java:310)
	at org.apache.catalina.startup.Bootstrap.main(Bootstrap.java:484)
Caused by: org.apache.catalina.LifecycleException: L''initialisation du gestionnaire de protocole a échoué
	at org.apache.catalina.connector.Connector.initInternal(Connector.java:962)
	at org.apache.catalina.util.LifecycleBase.init(LifecycleBase.java:102)
	... 12 more
Caused by: java.net.BindException: Address already in use
	at sun.nio.ch.Net.bind0(Native Method)
	at sun.nio.ch.Net.bind(Net.java:444)
	at sun.nio.ch.Net.bind(Net.java:436)
	at sun.nio.ch.ServerSocketChannelImpl.bind(ServerSocketChannelImpl.java:214)
	at sun.nio.ch.ServerSocketAdaptor.bind(ServerSocketAdaptor.java:74)
	at org.apache.tomcat.util.net.NioEndpoint.bind(NioEndpoint.java:343)
	at org.apache.tomcat.util.net.AbstractEndpoint.init(AbstractEndpoint.java:732)
	at org.apache.coyote.AbstractProtocol.init(AbstractProtocol.java:457)
	at org.apache.coyote.http11.AbstractHttp11JsseProtocol.init(AbstractHttp11JsseProtocol.java:120)
	at org.apache.catalina.connector.Connector.initInternal(Connector.java:960)
	... 13 more

23-Mar-2015 19:19:05.737 INFO [main] org.apache.coyote.AbstractProtocol.init Initializing ProtocolHandler ["ajp-nio-8009"]
23-Mar-2015 19:19:05.740 SEVERE [main] org.apache.coyote.AbstractProtocol.init Failed to initialize end point associated with ProtocolHandler ["ajp-nio-8009"]
 java.net.BindException: Address already in use
	at sun.nio.ch.Net.bind0(Native Method)
	at sun.nio.ch.Net.bind(Net.java:444)
	at sun.nio.ch.Net.bind(Net.java:436)
	at sun.nio.ch.ServerSocketChannelImpl.bind(ServerSocketChannelImpl.java:214)
	at sun.nio.ch.ServerSocketAdaptor.bind(ServerSocketAdaptor.java:74)
	at org.apache.tomcat.util.net.NioEndpoint.bind(NioEndpoint.java:343)
	at org.apache.tomcat.util.net.AbstractEndpoint.init(AbstractEndpoint.java:732)
	at org.apache.coyote.AbstractProtocol.init(AbstractProtocol.java:457)
	at org.apache.catalina.connector.Connector.initInternal(Connector.java:960)
	at org.apache.catalina.util.LifecycleBase.init(LifecycleBase.java:102)
	at org.apache.catalina.core.StandardService.initInternal(StandardService.java:567)
	at org.apache.catalina.util.LifecycleBase.init(LifecycleBase.java:102)
	at org.apache.catalina.core.StandardServer.initInternal(StandardServer.java:851)
	at org.apache.catalina.util.LifecycleBase.init(LifecycleBase.java:102)
	at org.apache.catalina.startup.Catalina.load(Catalina.java:576)
	at org.apache.catalina.startup.Catalina.load(Catalina.java:599)
	at sun.reflect.NativeMethodAccessorImpl.invoke0(Native Method)
	at sun.reflect.NativeMethodAccessorImpl.invoke(NativeMethodAccessorImpl.java:57)
	at sun.reflect.DelegatingMethodAccessorImpl.invoke(DelegatingMethodAccessorImpl.java:43)
	at java.lang.reflect.Method.invoke(Method.java:606)
	at org.apache.catalina.startup.Bootstrap.load(Bootstrap.java:310)
	at org.apache.catalina.startup.Bootstrap.main(Bootstrap.java:484)

23-Mar-2015 19:19:05.741 SEVERE [main] org.apache.catalina.core.StandardService.initInternal Failed to initialize connector [Connector[AJP/1.3-8009]]
 org.apache.catalina.LifecycleException: Failed to initialize component [Connector[AJP/1.3-8009]]
	at org.apache.catalina.util.LifecycleBase.init(LifecycleBase.java:106)
	at org.apache.catalina.core.StandardService.initInternal(StandardService.java:567)
	at org.apache.catalina.util.LifecycleBase.init(LifecycleBase.java:102)
	at org.apache.catalina.core.StandardServer.initInternal(StandardServer.java:851)
	at org.apache.catalina.util.LifecycleBase.init(LifecycleBase.java:102)
	at org.apache.catalina.startup.Catalina.load(Catalina.java:576)
	at org.apache.catalina.startup.Catalina.load(Catalina.java:599)
	at sun.reflect.NativeMethodAccessorImpl.invoke0(Native Method)
	at sun.reflect.NativeMethodAccessorImpl.invoke(NativeMethodAccessorImpl.java:57)
	at sun.reflect.DelegatingMethodAccessorImpl.invoke(DelegatingMethodAccessorImpl.java:43)
	at java.lang.reflect.Method.invoke(Method.java:606)
	at org.apache.catalina.startup.Bootstrap.load(Bootstrap.java:310)
	at org.apache.catalina.startup.Bootstrap.main(Bootstrap.java:484)
Caused by: org.apache.catalina.LifecycleException: L''initialisation du gestionnaire de protocole a échoué
	at org.apache.catalina.connector.Connector.initInternal(Connector.java:962)
	at org.apache.catalina.util.LifecycleBase.init(LifecycleBase.java:102)
	... 12 more
Caused by: java.net.BindException: Address already in use
	at sun.nio.ch.Net.bind0(Native Method)
	at sun.nio.ch.Net.bind(Net.java:444)
	at sun.nio.ch.Net.bind(Net.java:436)
	at sun.nio.ch.ServerSocketChannelImpl.bind(ServerSocketChannelImpl.java:214)
	at sun.nio.ch.ServerSocketAdaptor.bind(ServerSocketAdaptor.java:74)
	at org.apache.tomcat.util.net.NioEndpoint.bind(NioEndpoint.java:343)
	at org.apache.tomcat.util.net.AbstractEndpoint.init(AbstractEndpoint.java:732)
	at org.apache.coyote.AbstractProtocol.init(AbstractProtocol.java:457)
	at org.apache.catalina.connector.Connector.initInternal(Connector.java:960)
	... 13 more

23-Mar-2015 19:19:05.742 INFO [main] org.apache.catalina.startup.Catalina.load Initialization processed in 2108 ms
23-Mar-2015 19:19:05.805 INFO [main] org.apache.catalina.core.StandardService.startInternal Démarrage du service Catalina
23-Mar-2015 19:19:05.806 INFO [main] org.apache.catalina.core.StandardEngine.startInternal Starting Servlet Engine: Apache Tomcat/8.0.20
23-Mar-2015 19:19:05.834 INFO [localhost-startStop-1] org.apache.catalina.startup.HostConfig.deployDescriptor Déploiement du descripteur de configuration /home/oswald/Web_application/apache-tomcat-8.0.20/conf/Catalina/localhost/Web_application.xml
23-Mar-2015 19:19:05.917 WARNING [localhost-startStop-1] org.apache.catalina.startup.SetContextPropertiesRule.begin [SetContextPropertiesRule]{Context} Setting property 'antiJARLocking' to 'true' did not find a matching property.
23-Mar-2015 19:19:05.952 SEVERE [localhost-startStop-1] org.apache.catalina.core.ContainerBase.addChildInternal ContainerBase.addChild: start: 
 org.apache.catalina.LifecycleException: Failed to start component [StandardEngine[Catalina].StandardHost[localhost].StandardContext[/Web_application]]
	at org.apache.catalina.util.LifecycleBase.start(LifecycleBase.java:154)
	at org.apache.catalina.core.ContainerBase.addChildInternal(ContainerBase.java:725)
	at org.apache.catalina.core.ContainerBase.addChild(ContainerBase.java:701)
	at org.apache.catalina.core.StandardHost.addChild(StandardHost.java:717)
	at org.apache.catalina.startup.HostConfig.deployDescriptor(HostConfig.java:581)
	at org.apache.catalina.startup.HostConfig$DeployDescriptor.run(HostConfig.java:1683)
	at java.util.concurrent.Executors$RunnableAdapter.call(Executors.java:471)
	at java.util.concurrent.FutureTask.run(FutureTask.java:262)
	at java.util.concurrent.ThreadPoolExecutor.runWorker(ThreadPoolExecutor.java:1145)
	at java.util.concurrent.ThreadPoolExecutor$Worker.run(ThreadPoolExecutor.java:615)
	at java.lang.Thread.run(Thread.java:745)
Caused by: org.apache.catalina.LifecycleException: Failed to start component [org.apache.catalina.webresources.StandardRoot@441b6bab]
	at org.apache.catalina.util.LifecycleBase.start(LifecycleBase.java:154)
	at org.apache.catalina.core.StandardContext.resourcesStart(StandardContext.java:4840)
	at org.apache.catalina.core.StandardContext.startInternal(StandardContext.java:4970)
	at org.apache.catalina.util.LifecycleBase.start(LifecycleBase.java:150)
	... 10 more
Caused by: java.lang.IllegalArgumentException: The main resource set specified [/home/oswald/NetBeansProjects/Web_application/build/web] is not valid
	at org.apache.catalina.webresources.StandardRoot.createMainResourceSet(StandardRoot.java:723)
	at org.apache.catalina.webresources.StandardRoot.startInternal(StandardRoot.java:684)
	at org.apache.catalina.util.LifecycleBase.start(LifecycleBase.java:150)
	... 13 more

23-Mar-2015 19:19:05.952 SEVERE [localhost-startStop-1] org.apache.catalina.startup.HostConfig.deployDescriptor Erreur lors du déploiement du descripteur de configuration /home/oswald/Web_application/apache-tomcat-8.0.20/conf/Catalina/localhost/Web_application.xml
 java.lang.IllegalStateException: ContainerBase.addChild: start: org.apache.catalina.LifecycleException: Failed to start component [StandardEngine[Catalina].StandardHost[localhost].StandardContext[/Web_application]]
	at org.apache.catalina.core.ContainerBase.addChildInternal(ContainerBase.java:728)
	at org.apache.catalina.core.ContainerBase.addChild(ContainerBase.java:701)
	at org.apache.catalina.core.StandardHost.addChild(StandardHost.java:717)
	at org.apache.catalina.startup.HostConfig.deployDescriptor(HostConfig.java:581)
	at org.apache.catalina.startup.HostConfig$DeployDescriptor.run(HostConfig.java:1683)
	at java.util.concurrent.Executors$RunnableAdapter.call(Executors.java:471)
	at java.util.concurrent.FutureTask.run(FutureTask.java:262)
	at java.util.concurrent.ThreadPoolExecutor.runWorker(ThreadPoolExecutor.java:1145)
	at java.util.concurrent.ThreadPoolExecutor$Worker.run(ThreadPoolExecutor.java:615)
	at java.lang.Thread.run(Thread.java:745)

23-Mar-2015 19:19:05.970 INFO [localhost-startStop-1] org.apache.catalina.startup.HostConfig.deployDescriptor Deployment of configuration descriptor /home/oswald/Web_application/apache-tomcat-8.0.20/conf/Catalina/localhost/Web_application.xml has finished in 133 ms
23-Mar-2015 19:19:05.971 INFO [localhost-startStop-1] org.apache.catalina.startup.HostConfig.deployDirectory Déploiement du répertoire /home/oswald/Web_application/apache-tomcat-8.0.20/webapps/examples de l'application web
23-Mar-2015 19:19:07.607 INFO [localhost-startStop-1] org.apache.catalina.startup.HostConfig.deployDirectory Deployment of web application directory /home/oswald/Web_application/apache-tomcat-8.0.20/webapps/examples has finished in 1 636 ms
23-Mar-2015 19:19:07.607 INFO [localhost-startStop-1] org.apache.catalina.startup.HostConfig.deployDirectory Déploiement du répertoire /home/oswald/Web_application/apache-tomcat-8.0.20/webapps/host-manager de l'application web
23-Mar-2015 19:19:07.691 INFO [localhost-startStop-1] org.apache.catalina.startup.HostConfig.deployDirectory Deployment of web application directory /home/oswald/Web_application/apache-tomcat-8.0.20/webapps/host-manager has finished in 84 ms
23-Mar-2015 19:19:07.691 INFO [localhost-startStop-1] org.apache.catalina.startup.HostConfig.deployDirectory Déploiement du répertoire /home/oswald/Web_application/apache-tomcat-8.0.20/webapps/docs de l'application web
23-Mar-2015 19:19:07.747 INFO [localhost-startStop-1] org.apache.catalina.startup.HostConfig.deployDirectory Deployment of web application directory /home/oswald/Web_application/apache-tomcat-8.0.20/webapps/docs has finished in 56 ms
23-Mar-2015 19:19:07.747 INFO [localhost-startStop-1] org.apache.catalina.startup.HostConfig.deployDirectory Déploiement du répertoire /home/oswald/Web_application/apache-tomcat-8.0.20/webapps/manager de l'application web
23-Mar-2015 19:19:07.779 INFO [localhost-startStop-1] org.apache.catalina.startup.HostConfig.deployDirectory Deployment of web application directory /home/oswald/Web_application/apache-tomcat-8.0.20/webapps/manager has finished in 32 ms
23-Mar-2015 19:19:07.779 INFO [localhost-startStop-1] org.apache.catalina.startup.HostConfig.deployDirectory Déploiement du répertoire /home/oswald/Web_application/apache-tomcat-8.0.20/webapps/ROOT de l'application web
23-Mar-2015 19:19:07.843 INFO [localhost-startStop-1] org.apache.catalina.startup.HostConfig.deployDirectory Deployment of web application directory /home/oswald/Web_application/apache-tomcat-8.0.20/webapps/ROOT has finished in 63 ms
23-Mar-2015 19:19:07.849 INFO [main] org.apache.catalina.startup.Catalina.start Server startup in 2106 ms
23-Mar-2015 19:19:07.868 SEVERE [main] org.apache.catalina.core.StandardServer.await StandardServer.await: create[localhost:8005]: 
 java.net.BindException: Address already in use
	at java.net.PlainSocketImpl.socketBind(Native Method)
	at java.net.AbstractPlainSocketImpl.bind(AbstractPlainSocketImpl.java:376)
	at java.net.ServerSocket.bind(ServerSocket.java:376)
	at java.net.ServerSocket.<init>(ServerSocket.java:237)
	at org.apache.catalina.core.StandardServer.await(StandardServer.java:420)
	at org.apache.catalina.startup.Catalina.await(Catalina.java:713)
	at org.apache.catalina.startup.Catalina.start(Catalina.java:659)
	at sun.reflect.NativeMethodAccessorImpl.invoke0(Native Method)
	at sun.reflect.NativeMethodAccessorImpl.invoke(NativeMethodAccessorImpl.java:57)
	at sun.reflect.DelegatingMethodAccessorImpl.invoke(DelegatingMethodAccessorImpl.java:43)
	at java.lang.reflect.Method.invoke(Method.java:606)
	at org.apache.catalina.startup.Bootstrap.start(Bootstrap.java:351)
	at org.apache.catalina.startup.Bootstrap.main(Bootstrap.java:485)

23-Mar-2015 19:19:07.869 INFO [main] org.apache.coyote.AbstractProtocol.pause Pausing ProtocolHandler ["http-nio-8080"]
23-Mar-2015 19:19:07.869 INFO [main] org.apache.coyote.AbstractProtocol.pause Pausing ProtocolHandler ["ajp-nio-8009"]
23-Mar-2015 19:19:07.869 INFO [main] org.apache.catalina.core.StandardService.stopInternal Arrêt du service Catalina
23-Mar-2015 19:19:07.949 INFO [main] org.apache.coyote.AbstractProtocol.stop Stopping ProtocolHandler ["http-nio-8080"]
23-Mar-2015 19:19:07.949 INFO [main] org.apache.coyote.AbstractProtocol.destroy Destroying ProtocolHandler ["http-nio-8080"]
23-Mar-2015 19:19:07.949 INFO [main] org.apache.coyote.AbstractProtocol.stop Stopping ProtocolHandler ["ajp-nio-8009"]
23-Mar-2015 19:19:07.950 INFO [main] org.apache.coyote.AbstractProtocol.destroy Destroying ProtocolHandler ["ajp-nio-8009"]
